<?xml version="1.0" encoding="UTF-8"?>
<!-- Generated by org.testng.reporters.JUnitReportReporter -->
<testsuite skipped="0" hostname="WIN-9CSDHDN9FSR" name="com.prosmart.actionitems.jan16.Target" tests="1" failures="0" timestamp="15 Jan 2020 06:34:53 GMT" time="3.090" errors="0">
  <testcase name="Find" time="3.090" classname="com.prosmart.actionitems.jan16.Target"/>
</testsuite> <!-- com.prosmart.actionitems.jan16.Target -->
