<?xml version="1.0" encoding="UTF-8"?>
<!-- Generated by org.testng.reporters.JUnitReportReporter -->
<testsuite skipped="0" hostname="WIN-9CSDHDN9FSR" name="java1.Configure" tests="1" failures="0" timestamp="25 Jan 2020 19:16:41 GMT" time="0.013" errors="0">
  <testcase name="readConFigFile" time="0.013" classname="java1.Configure"/>
</testsuite> <!-- java1.Configure -->
