<?xml version="1.0" encoding="UTF-8"?>
<!-- Generated by org.testng.reporters.JUnitReportReporter -->
<testsuite hostname="WIN-9CSDHDN9FSR" name="com.prosmart.actionitems.jan16.Test1" tests="2" failures="0" timestamp="22 Jan 2020 17:49:21 GMT" time="10.542" errors="0">
  <testcase name="SignUp" time="9.582" classname="com.prosmart.actionitems.jan16.Test1"/>
  <testcase name="SignIn" time="0.960" classname="com.prosmart.actionitems.jan16.Test1"/>
</testsuite> <!-- com.prosmart.actionitems.jan16.Test1 -->
